#
# There is insufficient memory for the Java Runtime Environment to continue.
# Native memory allocation (malloc) failed to allocate 32744 bytes for ChunkPool::allocate
# Possible reasons:
#   The system is out of physical RAM or swap space
#   The process is running with CompressedOops enabled, and the Java Heap may be blocking the growth of the native heap
# Possible solutions:
#   Reduce memory load on the system
#   Increase physical memory or swap space
#   Check if swap backing store is full
#   Decrease Java heap size (-Xmx/-Xms)
#   Decrease number of Java threads
#   Decrease Java thread stack sizes (-Xss)
#   Set larger code cache with -XX:ReservedCodeCacheSize=
#   JVM is running with Unscaled Compressed Oops mode in which the Java heap is
#     placed in the first 4GB address space. The Java Heap base address is the
#     maximum limit for the native heap growth. Please use -XX:HeapBaseMinAddress
#     to set the Java Heap base and to place the Java Heap above 4GB virtual address.
# This output file may be truncated or incomplete.
#
#  Out of Memory Error (allocation.cpp:272), pid=6500, tid=0x0000000000000f4c
#
# JRE version: Java(TM) SE Runtime Environment (8.0_231-b11) (build 1.8.0_231-b11)
# Java VM: Java HotSpot(TM) 64-Bit Server VM (25.231-b11 mixed mode windows-amd64 compressed oops)
# Failed to write core dump. Minidumps are not enabled by default on client versions of Windows
#

---------------  T H R E A D  ---------------

Current thread (0x0000000002a62800):  JavaThread "main" [_thread_in_vm, id=3916, stack(0x0000000002960000,0x0000000002a60000)]

Stack: [0x0000000002960000,0x0000000002a60000]
[error occurred during error reporting (printing stack bounds), id 0xc0000005]

Native frames: (J=compiled Java code, j=interpreted, Vv=VM code, C=native code)

Java frames: (J=compiled Java code, j=interpreted, Vv=VM code)
J 252  java.lang.Throwable.fillInStackTrace(I)Ljava/lang/Throwable; (0 bytes) @ 0x0000000002cf91bb [0x0000000002cf9180+0x3b]
J 251 C1 java.lang.Throwable.fillInStackTrace()Ljava/lang/Throwable; (29 bytes) @ 0x0000000002cfbf54 [0x0000000002cfbd80+0x1d4]
j  java.lang.Throwable.<init>()V+24
j  java.lang.Error.<init>()V+1
j  java.lang.VirtualMachineError.<init>()V+1
j  java.lang.OutOfMemoryError.<init>()V+1
v  ~StubRoutines::call_stub
J 151  java.util.zip.Inflater.inflateBytes(J[BII)I (0 bytes) @ 0x0000000002cc1099 [0x0000000002cc1040+0x59]
J 1110 C2 java.util.zip.Inflater.inflate([BII)I (113 bytes) @ 0x0000000002f9471c [0x0000000002f94620+0xfc]
J 204 C1 java.util.zip.InflaterInputStream.read([BII)I (138 bytes) @ 0x0000000002cdf62c [0x0000000002cdf3c0+0x26c]
j  sun.misc.IOUtils.readFully(Ljava/io/InputStream;IZ)[B+79
j  java.util.jar.JarFile.getBytes(Ljava/util/zip/ZipEntry;)[B+15
J 428 C1 java.util.jar.JarFile.getManifestFromReference()Ljava/util/jar/Manifest; (117 bytes) @ 0x0000000002d9530c [0x0000000002d94ee0+0x42c]
J 431 C1 java.util.jar.JarFile.getManifest()Ljava/util/jar/Manifest; (5 bytes) @ 0x0000000002d9633c [0x0000000002d962c0+0x7c]
j  com.sun.tools.javac.file.FSInfo.getJarClassPath(Ljava/io/File;)Ljava/util/List;+15
j  com.sun.tools.javac.file.Locations$Path.addJarClassPath(Ljava/io/File;Z)V+8
j  com.sun.tools.javac.file.Locations$Path.addFile(Ljava/io/File;Z)V+224
j  com.sun.tools.javac.file.Locations$Path.addDirectory(Ljava/io/File;Z)V+86
j  com.sun.tools.javac.file.Locations$Path.addDirectories(Ljava/lang/String;Z)Lcom/sun/tools/javac/file/Locations$Path;+51
j  com.sun.tools.javac.file.Locations$BootClassPathLocationHandler.computePath()Lcom/sun/tools/javac/file/Locations$Path;+262
j  com.sun.tools.javac.file.Locations$BootClassPathLocationHandler.lazy()V+9
j  com.sun.tools.javac.file.Locations$BootClassPathLocationHandler.getLocation()Ljava/util/Collection;+1
j  com.sun.tools.javac.file.Locations.getLocation(Ljavax/tools/JavaFileManager$Location;)Ljava/util/Collection;+15
j  com.sun.tools.javac.file.JavacFileManager.getLocation(Ljavax/tools/JavaFileManager$Location;)Ljava/lang/Iterable;+10
j  com.sun.tools.javac.file.JavacFileManager.list(Ljavax/tools/JavaFileManager$Location;Ljava/lang/String;Ljava/util/Set;Z)Ljava/lang/Iterable;+12
j  com.sun.tools.javac.jvm.ClassReader.fillIn(Lcom/sun/tools/javac/code/Symbol$PackageSymbol;)V+52
j  com.sun.tools.javac.jvm.ClassReader.complete(Lcom/sun/tools/javac/code/Symbol;)V+88
j  com.sun.tools.javac.jvm.ClassReader.access$000(Lcom/sun/tools/javac/jvm/ClassReader;Lcom/sun/tools/javac/code/Symbol;)V+2
j  com.sun.tools.javac.jvm.ClassReader$1.complete(Lcom/sun/tools/javac/code/Symbol;)V+5
j  com.sun.tools.javac.code.Symbol.complete()V+19
j  com.sun.tools.javac.comp.Enter.visitTopLevel(Lcom/sun/tools/javac/tree/JCTree$JCCompilationUnit;)V+146
j  com.sun.tools.javac.tree.JCTree$JCCompilationUnit.accept(Lcom/sun/tools/javac/tree/JCTree$Visitor;)V+2
j  com.sun.tools.javac.comp.Enter.classEnter(Lcom/sun/tools/javac/tree/JCTree;Lcom/sun/tools/javac/comp/Env;)Lcom/sun/tools/javac/code/Type;+12
j  com.sun.tools.javac.comp.Enter.classEnter(Lcom/sun/tools/javac/util/List;Lcom/sun/tools/javac/comp/Env;)Lcom/sun/tools/javac/util/List;+29
j  com.sun.tools.javac.comp.Enter.complete(Lcom/sun/tools/javac/util/List;Lcom/sun/tools/javac/code/Symbol$ClassSymbol;)V+36
j  com.sun.tools.javac.comp.Enter.main(Lcom/sun/tools/javac/util/List;)V+3
j  com.sun.tools.javac.main.JavaCompiler.enterTrees(Lcom/sun/tools/javac/util/List;)Lcom/sun/tools/javac/util/List;+64
j  com.sun.tools.javac.main.JavaCompiler.compile(Lcom/sun/tools/javac/util/List;Lcom/sun/tools/javac/util/List;Ljava/lang/Iterable;)V+151
j  com.sun.tools.javac.main.Main.compile([Ljava/lang/String;[Ljava/lang/String;Lcom/sun/tools/javac/util/Context;Lcom/sun/tools/javac/util/List;Ljava/lang/Iterable;)Lcom/sun/tools/javac/main/Main$Result;+1299
j  com.sun.tools.javac.api.JavacTaskImpl.doCall()Lcom/sun/tools/javac/main/Main$Result;+59
j  com.sun.tools.javac.api.JavacTaskImpl.call()Ljava/lang/Boolean;+1
j  org.codehaus.plexus.compiler.javac.JavaxToolsCompiler.compileInProcess([Ljava/lang/String;Lorg/codehaus/plexus/compiler/CompilerConfiguration;[Ljava/lang/String;)Lorg/codehaus/plexus/compiler/CompilerResult;+136
j  org.codehaus.plexus.compiler.javac.JavacCompiler.performCompile(Lorg/codehaus/plexus/compiler/CompilerConfiguration;)Lorg/codehaus/plexus/compiler/CompilerResult;+234
j  org.apache.maven.plugin.compiler.AbstractCompilerMojo.execute()V+3225
j  org.apache.maven.plugin.compiler.CompilerMojo.execute()V+44
j  org.apache.maven.plugin.DefaultBuildPluginManager.executeMojo(Lorg/apache/maven/execution/MavenSession;Lorg/apache/maven/plugin/MojoExecution;)V+152
j  org.apache.maven.lifecycle.internal.MojoExecutor.doExecute2(Lorg/apache/maven/execution/MavenSession;Lorg/apache/maven/plugin/MojoExecution;)V+20
j  org.apache.maven.lifecycle.internal.MojoExecutor.doExecute(Lorg/apache/maven/execution/MavenSession;Lorg/apache/maven/plugin/MojoExecution;Lorg/apache/maven/lifecycle/internal/ProjectIndex;Lorg/apache/maven/lifecycle/internal/DependencyContext;)V+43
j  org.apache.maven.lifecycle.internal.MojoExecutor.execute(Lorg/apache/maven/execution/MavenSession;Lorg/apache/maven/plugin/MojoExecution;Lorg/apache/maven/lifecycle/internal/ProjectIndex;Lorg/apache/maven/lifecycle/internal/DependencyContext;)V+183
j  org.apache.maven.lifecycle.internal.MojoExecutor.execute(Lorg/apache/maven/execution/MavenSession;Lorg/apache/maven/plugin/MojoExecution;Lorg/apache/maven/lifecycle/internal/ProjectIndex;Lorg/apache/maven/lifecycle/internal/DependencyContext;Lorg/apache/maven/lifecycle/internal/PhaseRecorder;)V+6
j  org.apache.maven.lifecycle.internal.MojoExecutor.execute(Lorg/apache/maven/execution/MavenSession;Ljava/util/List;Lorg/apache/maven/lifecycle/internal/ProjectIndex;)V+60
j  org.apache.maven.lifecycle.internal.LifecycleModuleBuilder.buildProject(Lorg/apache/maven/execution/MavenSession;Lorg/apache/maven/execution/MavenSession;Lorg/apache/maven/lifecycle/internal/ReactorContext;Lorg/apache/maven/project/MavenProject;Lorg/apache/maven/lifecycle/internal/TaskSegment;)V+179
j  org.apache.maven.lifecycle.internal.LifecycleModuleBuilder.buildProject(Lorg/apache/maven/execution/MavenSession;Lorg/apache/maven/lifecycle/internal/ReactorContext;Lorg/apache/maven/project/MavenProject;Lorg/apache/maven/lifecycle/internal/TaskSegment;)V+7
j  org.apache.maven.lifecycle.internal.builder.singlethreaded.SingleThreadedBuilder.build(Lorg/apache/maven/execution/MavenSession;Lorg/apache/maven/lifecycle/internal/ReactorContext;Lorg/apache/maven/lifecycle/internal/ProjectBuildList;Ljava/util/List;Lorg/apache/maven/lifecycle/internal/ReactorBuildStatus;)V+77
j  org.apache.maven.lifecycle.internal.LifecycleStarter.execute(Lorg/apache/maven/execution/MavenSession;)V+348
j  org.apache.maven.DefaultMaven.doExecute(Lorg/apache/maven/execution/MavenExecutionRequest;Lorg/apache/maven/execution/MavenSession;Lorg/apache/maven/execution/MavenExecutionResult;Lorg/eclipse/aether/DefaultRepositorySystemSession;)Lorg/apache/maven/execution/MavenExecutionResult;+398
j  org.apache.maven.DefaultMaven.doExecute(Lorg/apache/maven/execution/MavenExecutionRequest;)Lorg/apache/maven/execution/MavenExecutionResult;+98
j  org.apache.maven.DefaultMaven.execute(Lorg/apache/maven/execution/MavenExecutionRequest;)Lorg/apache/maven/execution/MavenExecutionResult;+2
j  org.apache.maven.cli.MavenCli.execute(Lorg/apache/maven/cli/CliRequest;)I+27
j  org.apache.maven.cli.MavenCli.doMain(Lorg/apache/maven/cli/CliRequest;)I+71
j  org.apache.maven.cli.MavenCli.main([Ljava/lang/String;Lorg/codehaus/plexus/classworlds/ClassWorld;)I+24
v  ~StubRoutines::call_stub
j  sun.reflect.NativeMethodAccessorImpl.invoke0(Ljava/lang/reflect/Method;Ljava/lang/Object;[Ljava/lang/Object;)Ljava/lang/Object;+0
j  sun.reflect.NativeMethodAccessorImpl.invoke(Ljava/lang/Object;[Ljava/lang/Object;)Ljava/lang/Object;+100
j  sun.reflect.DelegatingMethodAccessorImpl.invoke(Ljava/lang/Object;[Ljava/lang/Object;)Ljava/lang/Object;+6
j  java.lang.reflect.Method.invoke(Ljava/lang/Object;[Ljava/lang/Object;)Ljava/lang/Object;+56
j  org.codehaus.plexus.classworlds.launcher.Launcher.launchEnhanced([Ljava/lang/String;)V+45
j  org.codehaus.plexus.classworlds.launcher.Launcher.launch([Ljava/lang/String;)V+2
j  org.codehaus.plexus.classworlds.launcher.Launcher.mainWithExitCode([Ljava/lang/String;)I+101
j  org.codehaus.plexus.classworlds.launcher.Launcher.main([Ljava/lang/String;)V+1
v  ~StubRoutines::call_stub
j  sun.reflect.NativeMethodAccessorImpl.invoke0(Ljava/lang/reflect/Method;Ljava/lang/Object;[Ljava/lang/Object;)Ljava/lang/Object;+0
j  sun.reflect.NativeMethodAccessorImpl.invoke(Ljava/lang/Object;[Ljava/lang/Object;)Ljava/lang/Object;+100
j  sun.reflect.DelegatingMethodAccessorImpl.invoke(Ljava/lang/Object;[Ljava/lang/Object;)Ljava/lang/Object;+6
j  java.lang.reflect.Method.invoke(Ljava/lang/Object;[Ljava/lang/Object;)Ljava/lang/Object;+56
j  org.apache.maven.wrapper.BootstrapMainStarter.start([Ljava/lang/String;Ljava/io/File;)V+110
j  org.apache.maven.wrapper.WrapperExecutor.execute([Ljava/lang/String;Lorg/apache/maven/wrapper/Installer;Lorg/apache/maven/wrapper/BootstrapMainStarter;)V+14
j  org.apache.maven.wrapper.MavenWrapperMain.main([Ljava/lang/String;)V+107
v  ~StubRoutines::call_stub

---------------  P R O C E S S  ---------------

Java Threads: ( => current thread )
  0x0000000019035000 JavaThread "Service Thread" daemon [_thread_blocked, id=10476, stack(0x0000000019410000,0x0000000019510000)]
  0x00000000176c1800 JavaThread "C1 CompilerThread2" daemon [_thread_in_native, id=16500, stack(0x0000000018f10000,0x0000000019010000)]
  0x00000000176b6800 JavaThread "C2 CompilerThread1" daemon [_thread_in_native, id=7396, stack(0x0000000018e10000,0x0000000018f10000)]
  0x00000000176b3800 JavaThread "C2 CompilerThread0" daemon [_thread_in_native, id=17912, stack(0x0000000018d10000,0x0000000018e10000)]
  0x00000000176b0800 JavaThread "Attach Listener" daemon [_thread_blocked, id=13788, stack(0x0000000018c10000,0x0000000018d10000)]
  0x00000000176af800 JavaThread "Signal Dispatcher" daemon [_thread_blocked, id=1988, stack(0x0000000018b10000,0x0000000018c10000)]
  0x0000000002b5b800 JavaThread "Finalizer" daemon [_thread_blocked, id=4924, stack(0x0000000018910000,0x0000000018a10000)]
  0x0000000002b53000 JavaThread "Reference Handler" daemon [_thread_blocked, id=17432, stack(0x0000000018810000,0x0000000018910000)]
=>0x0000000002a62800 JavaThread "main" [_thread_in_vm, id=3916, stack(0x0000000002960000,0x0000000002a60000)]

Other Threads:
  0x0000000017677000 VMThread [stack: 0x0000000018710000,0x0000000018810000] [id=15116]
  0x0000000019057000 WatcherThread [stack: 0x0000000019510000,0x0000000019610000] [id=2844]

VM state:not at safepoint (normal execution)

VM Mutex/Monitor currently owned by a thread: None

heap address: 0x0000000081800000, size: 2024 MB, Compressed Oops mode: 32-bit
Narrow klass base: 0x0000000000000000, Narrow klass shift: 3
Compressed class space size: 1073741824 Address: 0x0000000100000000

Heap:
 PSYoungGen      total 71680K, used 50776K [0x00000000d5d80000, 0x00000000da880000, 0x0000000100000000)
  eden space 66560K, 76% used [0x00000000d5d80000,0x00000000d8f16340,0x00000000d9e80000)
  from space 5120K, 0% used [0x00000000da380000,0x00000000da380000,0x00000000da880000)
  to   space 5120K, 0% used [0x00000000d9e80000,0x00000000d9e80000,0x00000000da380000)
 ParOldGen       total 71168K, used 13597K [0x0000000081800000, 0x0000000085d80000, 0x00000000d5d80000)
  object space 71168K, 19% used [0x0000000081800000,0x00000000825476d0,0x0000000085d80000)
 Metaspace       used 22876K, capacity 23502K, committed 23680K, reserved 1071104K
  class space    used 2709K, capacity 2892K, committed 2944K, reserved 1048576K

Card table byte_map: [0x0000000011f20000,0x0000000012320000] byte_map_base: 0x0000000011b14000

Marking Bits: (ParMarkBitMap*) 0x00000000591f6d90
 Begin Bits: [0x00000000129d0000, 0x0000000014970000)
 End Bits:   [0x0000000014970000, 0x0000000016910000)

Polling page: 0x0000000000c00000

CodeCache: size=245760Kb used=10839Kb max_used=10839Kb free=234920Kb
 bounds [0x0000000002b60000, 0x0000000003600000, 0x0000000011b60000]
 total_blobs=3783 nmethods=3369 adapters=326
 compilation: enabled

Compilation events (10 events):
Event: 5.209 Thread 0x00000000176c1800 nmethod 3395 0x00000000035f7390 code [0x00000000035f74e0, 0x00000000035f7690]
Event: 5.209 Thread 0x00000000176c1800 3396       3       com.sun.tools.javac.parser.JavaTokenizer::isSpecial (136 bytes)
Event: 5.209 Thread 0x00000000176c1800 nmethod 3396 0x00000000035f7710 code [0x00000000035f7860, 0x00000000035f7a50]
Event: 5.211 Thread 0x00000000176c1800 3397       3       java.lang.Enum::compareTo (44 bytes)
Event: 5.212 Thread 0x00000000176c1800 nmethod 3397 0x00000000035f7ad0 code [0x00000000035f7c80, 0x00000000035f8588]
Event: 5.212 Thread 0x00000000176c1800 3398       1       com.sun.tools.javac.tree.TreeMaker::at (7 bytes)
Event: 5.212 Thread 0x00000000176c1800 nmethod 3398 0x00000000035f87d0 code [0x00000000035f8920, 0x00000000035f8a30]
Event: 5.213 Thread 0x00000000176c1800 3399 %     3       com.sun.tools.javac.util.Name$Table::equals @ 3 (44 bytes)
Event: 5.213 Thread 0x00000000176c1800 nmethod 3399% 0x00000000035f8a90 code [0x00000000035f8c00, 0x00000000035f8f30]
Event: 5.213 Thread 0x00000000176c1800 3400       3       com.sun.tools.javac.parser.JavacParser::term3 (2502 bytes)

GC Heap History (10 events):
Event: 2.393 GC heap before
{Heap before GC invocations=3 (full 0):
 PSYoungGen      total 38400K, used 38399K [0x00000000d5d80000, 0x00000000da880000, 0x0000000100000000)
  eden space 33280K, 100% used [0x00000000d5d80000,0x00000000d7e00000,0x00000000d7e00000)
  from space 5120K, 99% used [0x00000000d8300000,0x00000000d87fffe0,0x00000000d8800000)
  to   space 5120K, 0% used [0x00000000d7e00000,0x00000000d7e00000,0x00000000d8300000)
 ParOldGen       total 87552K, used 2244K [0x0000000081800000, 0x0000000086d80000, 0x00000000d5d80000)
  object space 87552K, 2% used [0x0000000081800000,0x0000000081a310f8,0x0000000086d80000)
 Metaspace       used 15050K, capacity 15376K, committed 15616K, reserved 1062912K
  class space    used 1836K, capacity 1980K, committed 2048K, reserved 1048576K
Event: 2.404 GC heap after
Heap after GC invocations=3 (full 0):
 PSYoungGen      total 38400K, used 5088K [0x00000000d5d80000, 0x00000000da880000, 0x0000000100000000)
  eden space 33280K, 0% used [0x00000000d5d80000,0x00000000d5d80000,0x00000000d7e00000)
  from space 5120K, 99% used [0x00000000d7e00000,0x00000000d82f8040,0x00000000d8300000)
  to   space 5120K, 0% used [0x00000000da380000,0x00000000da380000,0x00000000da880000)
 ParOldGen       total 87552K, used 5368K [0x0000000081800000, 0x0000000086d80000, 0x00000000d5d80000)
  object space 87552K, 6% used [0x0000000081800000,0x0000000081d3e1b0,0x0000000086d80000)
 Metaspace       used 15050K, capacity 15376K, committed 15616K, reserved 1062912K
  class space    used 1836K, capacity 1980K, committed 2048K, reserved 1048576K
}
Event: 2.859 GC heap before
{Heap before GC invocations=4 (full 0):
 PSYoungGen      total 38400K, used 38368K [0x00000000d5d80000, 0x00000000da880000, 0x0000000100000000)
  eden space 33280K, 100% used [0x00000000d5d80000,0x00000000d7e00000,0x00000000d7e00000)
  from space 5120K, 99% used [0x00000000d7e00000,0x00000000d82f8040,0x00000000d8300000)
  to   space 5120K, 0% used [0x00000000da380000,0x00000000da380000,0x00000000da880000)
 ParOldGen       total 87552K, used 5368K [0x0000000081800000, 0x0000000086d80000, 0x00000000d5d80000)
  object space 87552K, 6% used [0x0000000081800000,0x0000000081d3e1b0,0x0000000086d80000)
 Metaspace       used 15608K, capacity 15938K, committed 16128K, reserved 1062912K
  class space    used 1876K, capacity 2015K, committed 2048K, reserved 1048576K
Event: 2.877 GC heap after
Heap after GC invocations=4 (full 0):
 PSYoungGen      total 71680K, used 5104K [0x00000000d5d80000, 0x00000000da880000, 0x0000000100000000)
  eden space 66560K, 0% used [0x00000000d5d80000,0x00000000d5d80000,0x00000000d9e80000)
  from space 5120K, 99% used [0x00000000da380000,0x00000000da87c030,0x00000000da880000)
  to   space 5120K, 0% used [0x00000000d9e80000,0x00000000d9e80000,0x00000000da380000)
 ParOldGen       total 87552K, used 9617K [0x0000000081800000, 0x0000000086d80000, 0x00000000d5d80000)
  object space 87552K, 10% used [0x0000000081800000,0x0000000082164698,0x0000000086d80000)
 Metaspace       used 15608K, capacity 15938K, committed 16128K, reserved 1062912K
  class space    used 1876K, capacity 2015K, committed 2048K, reserved 1048576K
}
Event: 4.083 GC heap before
{Heap before GC invocations=5 (full 0):
 PSYoungGen      total 71680K, used 71664K [0x00000000d5d80000, 0x00000000da880000, 0x0000000100000000)
  eden space 66560K, 100% used [0x00000000d5d80000,0x00000000d9e80000,0x00000000d9e80000)
  from space 5120K, 99% used [0x00000000da380000,0x00000000da87c030,0x00000000da880000)
  to   space 5120K, 0% used [0x00000000d9e80000,0x00000000d9e80000,0x00000000da380000)
 ParOldGen       total 87552K, used 9617K [0x0000000081800000, 0x0000000086d80000, 0x00000000d5d80000)
  object space 87552K, 10% used [0x0000000081800000,0x0000000082164698,0x0000000086d80000)
 Metaspace       used 18505K, capacity 18998K, committed 19200K, reserved 1067008K
  class space    used 2145K, capacity 2304K, committed 2304K, reserved 1048576K
Event: 4.113 GC heap after
Heap after GC invocations=5 (full 0):
 PSYoungGen      total 71680K, used 5088K [0x00000000d5d80000, 0x00000000da880000, 0x0000000100000000)
  eden space 66560K, 0% used [0x00000000d5d80000,0x00000000d5d80000,0x00000000d9e80000)
  from space 5120K, 99% used [0x00000000d9e80000,0x00000000da378040,0x00000000da380000)
  to   space 5120K, 0% used [0x00000000da380000,0x00000000da380000,0x00000000da880000)
 ParOldGen       total 87552K, used 14498K [0x0000000081800000, 0x0000000086d80000, 0x00000000d5d80000)
  object space 87552K, 16% used [0x0000000081800000,0x0000000082628bd8,0x0000000086d80000)
 Metaspace       used 18505K, capacity 18998K, committed 19200K, reserved 1067008K
  class space    used 2145K, capacity 2304K, committed 2304K, reserved 1048576K
}
Event: 4.519 GC heap before
{Heap before GC invocations=6 (full 0):
 PSYoungGen      total 71680K, used 14641K [0x00000000d5d80000, 0x00000000da880000, 0x0000000100000000)
  eden space 66560K, 14% used [0x00000000d5d80000,0x00000000d66d46f0,0x00000000d9e80000)
  from space 5120K, 99% used [0x00000000d9e80000,0x00000000da378040,0x00000000da380000)
  to   space 5120K, 0% used [0x00000000da380000,0x00000000da380000,0x00000000da880000)
 ParOldGen       total 87552K, used 14498K [0x0000000081800000, 0x0000000086d80000, 0x00000000d5d80000)
  object space 87552K, 16% used [0x0000000081800000,0x0000000082628bd8,0x0000000086d80000)
 Metaspace       used 20526K, capacity 21134K, committed 21296K, reserved 1069056K
  class space    used 2420K, capacity 2636K, committed 2688K, reserved 1048576K
Event: 4.536 GC heap after
Heap after GC invocations=6 (full 0):
 PSYoungGen      total 71680K, used 5088K [0x00000000d5d80000, 0x00000000da880000, 0x0000000100000000)
  eden space 66560K, 0% used [0x00000000d5d80000,0x00000000d5d80000,0x00000000d9e80000)
  from space 5120K, 99% used [0x00000000da380000,0x00000000da878040,0x00000000da880000)
  to   space 5120K, 0% used [0x00000000d9e80000,0x00000000d9e80000,0x00000000da380000)
 ParOldGen       total 87552K, used 15896K [0x0000000081800000, 0x0000000086d80000, 0x00000000d5d80000)
  object space 87552K, 18% used [0x0000000081800000,0x00000000827863a8,0x0000000086d80000)
 Metaspace       used 20526K, capacity 21134K, committed 21296K, reserved 1069056K
  class space    used 2420K, capacity 2636K, committed 2688K, reserved 1048576K
}
Event: 4.536 GC heap before
{Heap before GC invocations=7 (full 1):
 PSYoungGen      total 71680K, used 5088K [0x00000000d5d80000, 0x00000000da880000, 0x0000000100000000)
  eden space 66560K, 0% used [0x00000000d5d80000,0x00000000d5d80000,0x00000000d9e80000)
  from space 5120K, 99% used [0x00000000da380000,0x00000000da878040,0x00000000da880000)
  to   space 5120K, 0% used [0x00000000d9e80000,0x00000000d9e80000,0x00000000da380000)
 ParOldGen       total 87552K, used 15896K [0x0000000081800000, 0x0000000086d80000, 0x00000000d5d80000)
  object space 87552K, 18% used [0x0000000081800000,0x00000000827863a8,0x0000000086d80000)
 Metaspace       used 20526K, capacity 21134K, committed 21296K, reserved 1069056K
  class space    used 2420K, capacity 2636K, committed 2688K, reserved 1048576K
Event: 4.661 GC heap after
Heap after GC invocations=7 (full 1):
 PSYoungGen      total 71680K, used 0K [0x00000000d5d80000, 0x00000000da880000, 0x0000000100000000)
  eden space 66560K, 0% used [0x00000000d5d80000,0x00000000d5d80000,0x00000000d9e80000)
  from space 5120K, 0% used [0x00000000da380000,0x00000000da380000,0x00000000da880000)
  to   space 5120K, 0% used [0x00000000d9e80000,0x00000000d9e80000,0x00000000da380000)
 ParOldGen       total 71168K, used 13597K [0x0000000081800000, 0x0000000085d80000, 0x00000000d5d80000)
  object space 71168K, 19% used [0x0000000081800000,0x00000000825476d0,0x0000000085d80000)
 Metaspace       used 20526K, capacity 21134K, committed 21296K, reserved 1069056K
  class space    used 2420K, capacity 2636K, committed 2688K, reserved 1048576K
}

Deoptimization events (10 events):
Event: 3.169 Thread 0x0000000002a62800 Uncommon trap: reason=unstable_if action=reinterpret pc=0x0000000002e7b868 method=java.util.HashMap.hash(Ljava/lang/Object;)I @ 1
Event: 3.169 Thread 0x0000000002a62800 Uncommon trap: reason=unstable_if action=reinterpret pc=0x0000000002f176f8 method=java.util.HashMap.getNode(ILjava/lang/Object;)Ljava/util/HashMap$Node; @ 53
Event: 3.350 Thread 0x0000000002a62800 Uncommon trap: reason=unstable_if action=reinterpret pc=0x00000000030a8778 method=sun.net.www.protocol.jar.Handler.parseURL(Ljava/net/URL;Ljava/lang/String;II)V @ 116
Event: 3.357 Thread 0x0000000002a62800 Uncommon trap: reason=class_check action=maybe_recompile pc=0x0000000003075948 method=com.google.inject.internal.LinkedBindingImpl.acceptTargetVisitor(Lcom/google/inject/spi/BindingTargetVisitor;)Ljava/lang/Object; @ 2
Event: 3.357 Thread 0x0000000002a62800 Uncommon trap: reason=class_check action=maybe_recompile pc=0x0000000003075948 method=com.google.inject.internal.LinkedBindingImpl.acceptTargetVisitor(Lcom/google/inject/spi/BindingTargetVisitor;)Ljava/lang/Object; @ 2
Event: 3.369 Thread 0x0000000002a62800 Uncommon trap: reason=class_check action=maybe_recompile pc=0x0000000003075948 method=com.google.inject.internal.LinkedBindingImpl.acceptTargetVisitor(Lcom/google/inject/spi/BindingTargetVisitor;)Ljava/lang/Object; @ 2
Event: 3.369 Thread 0x0000000002a62800 Uncommon trap: reason=class_check action=maybe_recompile pc=0x0000000003075948 method=com.google.inject.internal.LinkedBindingImpl.acceptTargetVisitor(Lcom/google/inject/spi/BindingTargetVisitor;)Ljava/lang/Object; @ 2
Event: 4.952 Thread 0x0000000002a62800 Uncommon trap: reason=null_assert action=make_not_entrant pc=0x0000000002efbf04 method=java.util.zip.ZipEntry.<init>(Ljava/util/zip/ZipEntry;)V @ 70
Event: 5.069 Thread 0x0000000002a62800 Uncommon trap: reason=unstable_if action=reinterpret pc=0x0000000002f0ff24 method=sun.misc.URLClassPath$JarLoader.getResource(Ljava/lang/String;Z)Lsun/misc/Resource; @ 62
Event: 5.148 Thread 0x0000000002a62800 Uncommon trap: reason=unstable_if action=reinterpret pc=0x0000000002e985fc method=java.lang.CharacterDataLatin1.isWhitespace(I)Z @ 14

Classes redefined (0 events):
No events

Internal exceptions (10 events):
Event: 2.029 Thread 0x0000000002a62800 Exception <a 'java/lang/NullPointerException'> (0x00000000d6f306e0) thrown at [C:\re\workspace\8-2-build-windows-amd64-cygwin\jdk8u231\13620\hotspot\src\share\vm\interpreter\linkResolver.cpp, line 1185]
Event: 2.071 Thread 0x0000000002a62800 Implicit null exception at 0x0000000002d9e456 to 0x0000000002d9e7f5
Event: 2.072 Thread 0x0000000002a62800 Implicit null exception at 0x0000000002d7abd4 to 0x0000000002d7af85
Event: 2.265 Thread 0x0000000002a62800 Implicit null exception at 0x0000000003108619 to 0x0000000003108a29
Event: 2.565 Thread 0x0000000002a62800 Implicit null exception at 0x0000000003207677 to 0x00000000032078c1
Event: 3.166 Thread 0x0000000002a62800 Implicit null exception at 0x0000000002f05315 to 0x0000000002f054ed
Event: 3.169 Thread 0x0000000002a62800 Implicit null exception at 0x0000000002e7b7ef to 0x0000000002e7b859
Event: 3.467 Thread 0x0000000002a62800 Exception <a 'java/lang/NoSuchFieldError': method resolution failed> (0x00000000d7ea48c8) thrown at [C:\re\workspace\8-2-build-windows-amd64-cygwin\jdk8u231\13620\hotspot\src\share\vm\prims\methodHandles.cpp, line 1167]
Event: 3.469 Thread 0x0000000002a62800 Exception <a 'java/lang/NoSuchFieldError': method resolution failed> (0x00000000d7eb1f88) thrown at [C:\re\workspace\8-2-build-windows-amd64-cygwin\jdk8u231\13620\hotspot\src\share\vm\prims\methodHandles.cpp, line 1167]
Event: 4.189 Thread 0x0000000002a62800 Exception <a 'java/lang/ClassNotFoundException': com/sun/tools/javac/api/JavacTool> (0x00000000d605fd88) thrown at [C:\re\workspace\8-2-build-windows-amd64-cygwin\jdk8u231\13620\hotspot\src\share\vm\classfile\systemDictionary.cpp, line 210]

Events (10 events):
Event: 5.145 loading class com/sun/tools/javac/parser/JavadocTokenizer$JavadocComment done
Event: 5.145 loading class com/sun/tools/javac/parser/JavaTokenizer$BasicComment
Event: 5.145 loading class com/sun/tools/javac/parser/JavaTokenizer$BasicComment done
Event: 5.146 loading class com/sun/tools/javac/parser/JavadocTokenizer$DocReader
Event: 5.146 loading class com/sun/tools/javac/parser/JavadocTokenizer$DocReader done
Event: 5.146 Executing VM operation: Deoptimize
Event: 5.146 Executing VM operation: Deoptimize done
Event: 5.148 Thread 0x0000000002a62800 Uncommon trap: trap_request=0xffffff65 fr.pc=0x0000000002e985fc
Event: 5.148 Thread 0x0000000002a62800 DEOPT PACKING pc=0x0000000002e985fc sp=0x0000000002a5c830
Event: 5.148 Thread 0x0000000002a62800 DEOPT UNPACKING pc=0x0000000002ba583b sp=0x0000000002a5c7a8 mode 2


Dynamic libraries:
0x00007ff653920000 - 0x00007ff653957000 	C:\PROGRA~1\Java\JDK18~1.0_2\bin\java.exe
0x00007fffc94c0000 - 0x00007fffc96b0000 	C:\WINDOWS\SYSTEM32\ntdll.dll
0x00007fffc7a70000 - 0x00007fffc7b22000 	C:\WINDOWS\System32\KERNEL32.DLL
0x00007fffc7020000 - 0x00007fffc72c5000 	C:\WINDOWS\System32\KERNELBASE.dll
0x00007fffc8880000 - 0x00007fffc8925000 	C:\WINDOWS\System32\ADVAPI32.dll
0x00007fffc79d0000 - 0x00007fffc7a6e000 	C:\WINDOWS\System32\msvcrt.dll
0x00007fffc78d0000 - 0x00007fffc7968000 	C:\WINDOWS\System32\sechost.dll
0x00007fffc7750000 - 0x00007fffc786b000 	C:\WINDOWS\System32\RPCRT4.dll
0x00007fffc91d0000 - 0x00007fffc9364000 	C:\WINDOWS\System32\USER32.dll
0x00007fffc7410000 - 0x00007fffc7431000 	C:\WINDOWS\System32\win32u.dll
0x00007fffc7970000 - 0x00007fffc7996000 	C:\WINDOWS\System32\GDI32.dll
0x00007fffc7440000 - 0x00007fffc75d8000 	C:\WINDOWS\System32\gdi32full.dll
0x00007fffc6ef0000 - 0x00007fffc6f8e000 	C:\WINDOWS\System32\msvcp_win.dll
0x00007fffc6c50000 - 0x00007fffc6d4a000 	C:\WINDOWS\System32\ucrtbase.dll
0x00007fffa9d70000 - 0x00007fffa9ff4000 	C:\WINDOWS\WinSxS\amd64_microsoft.windows.common-controls_6595b64144ccf1df_6.0.18362.2274_none_9e8067a5e45c3d75\COMCTL32.dll
0x00007fffc7f70000 - 0x00007fffc82a6000 	C:\WINDOWS\System32\combase.dll
0x00007fffc7380000 - 0x00007fffc7404000 	C:\WINDOWS\System32\bcryptPrimitives.dll
0x00007fffc79a0000 - 0x00007fffc79ce000 	C:\WINDOWS\System32\IMM32.DLL
0x0000000059280000 - 0x0000000059352000 	C:\PROGRA~1\Java\JDK18~1.0_2\jre\bin\msvcr100.dll
0x00000000589d0000 - 0x0000000059276000 	C:\PROGRA~1\Java\JDK18~1.0_2\jre\bin\server\jvm.dll
0x00007fffc7740000 - 0x00007fffc7748000 	C:\WINDOWS\System32\PSAPI.DLL
0x00007fffc3050000 - 0x00007fffc3074000 	C:\WINDOWS\SYSTEM32\WINMM.dll
0x00007fffa47d0000 - 0x00007fffa47d9000 	C:\WINDOWS\SYSTEM32\WSOCK32.dll
0x00007fffc9410000 - 0x00007fffc947f000 	C:\WINDOWS\System32\WS2_32.dll
0x00007fffba870000 - 0x00007fffba87a000 	C:\WINDOWS\SYSTEM32\VERSION.dll
0x00007fffc3020000 - 0x00007fffc304d000 	C:\WINDOWS\SYSTEM32\WINMMBASE.dll
0x00007fffc6d50000 - 0x00007fffc6d9a000 	C:\WINDOWS\System32\cfgmgr32.dll
0x00007fffaed80000 - 0x00007fffaed8f000 	C:\PROGRA~1\Java\JDK18~1.0_2\jre\bin\verify.dll
0x00007fffa6b40000 - 0x00007fffa6b69000 	C:\PROGRA~1\Java\JDK18~1.0_2\jre\bin\java.dll
0x00007fffa95a0000 - 0x00007fffa95b6000 	C:\PROGRA~1\Java\JDK18~1.0_2\jre\bin\zip.dll
0x00007fffc8ae0000 - 0x00007fffc91c7000 	C:\WINDOWS\System32\SHELL32.dll
0x00007fffc7690000 - 0x00007fffc7739000 	C:\WINDOWS\System32\shcore.dll
0x00007fffc64b0000 - 0x00007fffc6c2c000 	C:\WINDOWS\System32\windows.storage.dll
0x00007fffc6420000 - 0x00007fffc643e000 	C:\WINDOWS\System32\profapi.dll
0x00007fffc6440000 - 0x00007fffc648a000 	C:\WINDOWS\System32\powrprof.dll
0x00007fffc63f0000 - 0x00007fffc6400000 	C:\WINDOWS\System32\UMPDC.dll
0x00007fffc7cd0000 - 0x00007fffc7d22000 	C:\WINDOWS\System32\shlwapi.dll
0x00007fffc6400000 - 0x00007fffc6411000 	C:\WINDOWS\System32\kernel.appcore.dll
0x00007fffc6c30000 - 0x00007fffc6c47000 	C:\WINDOWS\System32\cryptsp.dll
0x0000000069ac0000 - 0x0000000069ae4000 	C:\Users\user\AppData\Local\Temp\jansi-2.4.0-2b6dab3baba3f119-jansi.dll
0x00007fffa67d0000 - 0x00007fffa67ea000 	C:\Program Files\Java\jdk1.8.0_231\jre\bin\net.dll
0x00007fffc5be0000 - 0x00007fffc5c47000 	C:\WINDOWS\system32\mswsock.dll
0x00007fffa67b0000 - 0x00007fffa67c2000 	C:\Program Files\Java\jdk1.8.0_231\jre\bin\nio.dll

VM Arguments:
jvm_args: -Dmaven.multiModuleProjectDirectory=C:\Users\user\Documents\JavaProjects\template 
java_command: org.apache.maven.wrapper.MavenWrapperMain clean install
java_class_path (initial): C:\Users\user\Documents\JavaProjects\template\.mvn\wrapper\maven-wrapper.jar
Launcher Type: SUN_STANDARD

Environment Variables:
JAVA_HOME=C:\PROGRA~1\Java\JDK18~1.0_2
PATH=C:\Program Files (x86)\Common Files\Oracle\Java\javapath;C:\ProgramData\Oracle\Java\javapath;C:\WINDOWS\system32;C:\WINDOWS;C:\WINDOWS\System32\Wbem;C:\WINDOWS\System32\WindowsPowerShell\v1.0\;C:\xampp\php;C:\ProgramData\ComposerSetup\bin;C:\Program Files\Git\cmd;C:\Gradle\bin;C:\FPC\3.0.4\bin\i386-Win32;D:\src\flutter\bin;C:\Users\user\AppData\Local\Android\Sdk\platform-tools;C:\Users\user\AppData\Local\Android\Sdk\emulator;C:\Users\user\AppData\Local\Android\Sdk\tools\bin;C:\WINDOWS\System32\OpenSSH\;C:\Program Files\CMake\bin;C:\Program Files\Java\jdk1.8.0_231\bin;C:\Program Files\MongoDB\Server\4.4\bin;C:\Program Files\PuTTY\;C:\Program Files\Git\bin;C:\solana-release\bin;C:\Program Files\PostgreSQL\14\bin;C:\Program Files\Kubernetes\Minikube;C:\symfony;C:\activemq\bin;C:\Program Files\Docker\Docker\resources\bin;C:\Program Files\Git\usr\bin;C:\Program Files\nodejs\;C:\Program Files\Go\bin;C:\Users\user\.local\share\solana\install\active_release\bin;C:\Users\user\AppData\Local\Programs\Python\Python38\Scripts\;C:\Users\user\AppData\Local\Programs\Python\Python38\;C:\Users\user\AppData\Roaming\Composer\vendor\bin;C:\FPC\3.0.4\bin;C:\Program Files\Geth;C:\flutter\flutter\bin;C:\flutter\flutter\bin\cache\dart-sdk\bin;C:\Users\user\AppData\Local\Microsoft\WindowsApps;C:\Program Files\Java\jre1.8.0_241\bin;C:\Program Files\heroku\bin;C:\Program Files\JetBrains\PyCharm Community Edition 2019.3.2\bin;C:\Users\user\AppData\Local\Programs\Microsoft VS Code\bin;C:\Users\user\AppData\Roaming\npm;C:\Users\user\go\bin
USERNAME=user
OS=Windows_NT
PROCESSOR_IDENTIFIER=Intel64 Family 6 Model 69 Stepping 1, GenuineIntel



---------------  S Y S T E M  ---------------

OS: Windows 10.0 , 64 bit Build 18362 (10.0.18362.2274)

CPU:total 4 (initial active 4) (2 cores per cpu, 2 threads per core) family 6 model 69 stepping 1, cmov, cx8, fxsr, mmx, sse, sse2, sse3, ssse3, sse4.1, sse4.2, popcnt, avx, avx2, aes, clmul, erms, lzcnt, ht, tsc, tscinvbit, bmi1, bmi2

Memory: 4k page, physical 8283244k(1029264k free), swap 11070480k(2280k free)

vm_info: Java HotSpot(TM) 64-Bit Server VM (25.231-b11) for windows-amd64 JRE (1.8.0_231-b11), built on Oct  5 2019 03:11:30 by "java_re" with MS VC++ 10.0 (VS2010)

time: Mon Feb 13 13:18:59 2023
timezone: W. Central Africa Standard Time
elapsed time: 5 seconds (0d 0h 0m 5s)

